<?xml version="1.0" encoding="UTF-8"?>
<testsuite name="MinStackTest$Pop" tests="4" skipped="0" failures="0" errors="0" timestamp="2021-03-01T12:47:04" hostname="pop-os" time="0.004">
  <properties/>
  <testcase name="pop bigger element()" classname="MinStackTest$Pop" time="0.001"/>
  <testcase name="pop throws exception when stack is emptied()" classname="MinStackTest$Pop" time="0.001"/>
  <testcase name="pop throws exception when stack is empty()" classname="MinStackTest$Pop" time="0.0"/>
  <testcase name="pop min element()" classname="MinStackTest$Pop" time="0.0"/>
  <system-out><![CDATA[]]></system-out>
  <system-err><![CDATA[]]></system-err>
</testsuite>
