<?xml version="1.0" encoding="UTF-8"?>
<testsuite name="MinStackTest$Min" tests="2" skipped="0" failures="0" errors="0" timestamp="2021-03-01T12:47:04" hostname="pop-os" time="0.003">
  <properties/>
  <testcase name="min throws exception when stack is empty()" classname="MinStackTest$Min" time="0.002"/>
  <testcase name="min throws exception when stack is emptied()" classname="MinStackTest$Min" time="0.0"/>
  <system-out><![CDATA[]]></system-out>
  <system-err><![CDATA[]]></system-err>
</testsuite>
